<?xml version="1.0" encoding="UTF-8"?>
<!-- Generated by org.testng.reporters.JUnitReportReporter -->
<testsuite hostname="Madhurs-MacBook-Air.local" failures="0" tests="1" name="com.seleniumconcept.LoginPageTest" time="0.010" errors="0" timestamp="08 Feb 2020 11:57:05 GMT" skipped="0">
  <testcase classname="com.seleniumconcept.LoginPageTest" name="loginTest" time="0.010"/>
</testsuite> <!-- com.seleniumconcept.LoginPageTest -->
