<?xml version="1.0" encoding="UTF-8"?>
<!-- Generated by org.testng.reporters.JUnitReportReporter -->
<testsuite hostname="Madhurs-MacBook-Air.local" failures="0" tests="1" name="recordingTest.RecorderTest" time="8.286" errors="0" timestamp="25 Jun 2020 13:31:51 GMT" skipped="0">
  <testcase classname="recordingTest.RecorderTest" name="verifyLinks" time="8.286"/>
</testsuite> <!-- recordingTest.RecorderTest -->
